<?xml version="1.0" encoding="utf-8"?><testsuites name="pytest tests"><testsuite name="pytest" errors="0" failures="0" skipped="0" tests="9" time="1.584" timestamp="2026-05-02T06:48:38.138334+00:00" hostname="agent-env-2c734fb6-72de-43ec-94b5-e0ac2d89d6b9"><testcase classname="backend.tests.test_v4.TestProjectSimulator" name="test_simulator_empty_body_baseline_only" time="0.466" /><testcase classname="backend.tests.test_v4.TestProjectSimulator" name="test_simulator_with_overrides" time="0.048" /><testcase classname="backend.tests.test_v4.TestAuditLog" name="test_audit_list_default" time="0.048" /><testcase classname="backend.tests.test_v4.TestAuditLog" name="test_audit_filter_by_project" time="0.098" /><testcase classname="backend.tests.test_v4.TestAuditLog" name="test_audit_auto_on_project_create" time="0.321" /><testcase classname="backend.tests.test_v4.TestShareVerdict" name="test_generate_share_verdict_pdf" time="0.072" /><testcase classname="backend.tests.test_v4.TestSuite" name="test_suite_status_not_configured" time="0.045" /><testcase classname="backend.tests.test_v4.TestSuite" name="test_suite_cross_check_stub" time="0.050" /><testcase classname="backend.tests.test_v4.TestComparatorSkippedIds" name="test_skipped_ids_present" time="0.412" /></testsuite></testsuites>