<?xml version="1.0" encoding="utf-8"?><testsuites name="pytest tests"><testsuite name="pytest" errors="0" failures="0" skipped="0" tests="14" time="38.655" timestamp="2026-05-01T11:47:58.927018+00:00" hostname="agent-env-2c734fb6-72de-43ec-94b5-e0ac2d89d6b9"><testcase classname="tests.test_backend" name="test_root" time="0.245" /><testcase classname="tests.test_backend.TestAuth" name="test_register_rejects_invalid_role" time="0.048" /><testcase classname="tests.test_backend.TestAuth" name="test_register_rejects_short_password" time="0.045" /><testcase classname="tests.test_backend.TestAuth" name="test_register_rejects_local_tld" time="0.043" /><testcase classname="tests.test_backend.TestAuth" name="test_register_and_login_and_me" time="1.054" /><testcase classname="tests.test_backend.TestProjects" name="test_create_list_get_delete" time="0.532" /><testcase classname="tests.test_backend.TestProjects" name="test_invalid_sector_rejected" time="0.047" /><testcase classname="tests.test_backend.TestSimulator" name="test_simulator_run" time="0.044" /><testcase classname="tests.test_backend.TestNormative" name="test_references_40_items_6_families" time="0.042" /><testcase classname="tests.test_backend.TestNormative" name="test_jurisprudence_16" time="0.043" /><testcase classname="tests.test_backend.TestNormative" name="test_glossary_50_plus" time="0.041" /><testcase classname="tests.test_backend.TestFullPipeline" name="test_smoke_dashboard_and_pdf" time="0.678" /><testcase classname="tests.test_backend.TestFullPipeline" name="test_freequery_on_smoke" time="6.989" /><testcase classname="tests.test_backend.TestFullPipeline" name="test_full_upload_extract_analyses_diagnostics" time="28.759" /></testsuite></testsuites>