<?xml version="1.0" encoding="utf-8"?><testsuites name="pytest tests"><testsuite name="pytest" errors="0" failures="0" skipped="0" tests="17" time="13.209" timestamp="2026-05-01T22:15:25.894021+00:00" hostname="agent-env-2c734fb6-72de-43ec-94b5-e0ac2d89d6b9"><testcase classname="backend.tests.test_v3.TestJurisprudence" name="test_list_initial" time="1.747" /><testcase classname="backend.tests.test_v3.TestJurisprudence" name="test_upload_txt_decision" time="0.257" /><testcase classname="backend.tests.test_v3.TestJurisprudence" name="test_upload_too_short" time="0.117" /><testcase classname="backend.tests.test_v3.TestJurisprudence" name="test_search_merges_international" time="0.053" /><testcase classname="backend.tests.test_v3.TestJurisprudence" name="test_search_empty_query_400" time="0.049" /><testcase classname="backend.tests.test_v3.TestJurisprudence" name="test_argument_llm_or_fallback" time="5.826" /><testcase classname="backend.tests.test_v3.TestJurisprudence" name="test_argument_missing_violation_400" time="0.050" /><testcase classname="backend.tests.test_v3.TestAmendmentDrafter" name="test_rewrite_llm_or_fallback" time="3.747" /><testcase classname="backend.tests.test_v3.TestAmendmentDrafter" name="test_rewrite_missing_original_400" time="0.051" /><testcase classname="backend.tests.test_v3.TestComparator" name="test_comparator_400_when_fewer_than_2" time="0.049" /><testcase classname="backend.tests.test_v3.TestComparator" name="test_comparator_400_when_more_than_4" time="0.051" /><testcase classname="backend.tests.test_v3.TestComparator" name="test_comparator_404_when_projects_not_found" time="0.050" /><testcase classname="backend.tests.test_v3.TestComparator" name="test_comparator_success_with_two_projects" time="0.513" /><testcase classname="backend.tests.test_v3.TestPresentation" name="test_9_slides" time="0.056" /><testcase classname="backend.tests.test_v3.TestRblDetector" name="test_rbl_on_smoke_project" time="0.050" /><testcase classname="backend.tests.test_v3.TestRblDetector" name="test_rbl_400_when_no_extracted_docs" time="0.357" /><testcase classname="backend.tests.test_v3.TestRejdComplete" name="test_generate_pdf" time="0.122" /></testsuite></testsuites>